[0m16:36:56.677554 [debug] [MainThread]: Sending event: {'category': 'dbt', 'action': 'invocation', 'label': 'start', 'context': [<snowplow_tracker.self_describing_json.SelfDescribingJson object at 0x10936e7b0>, <snowplow_tracker.self_describing_json.SelfDescribingJson object at 0x10b203890>, <snowplow_tracker.self_describing_json.SelfDescribingJson object at 0x10b203b10>]}


============================== 16:36:56.680027 | 385a8581-66d2-46ac-b375-081b0ae603f2 ==============================
[0m16:36:56.680027 [info ] [MainThread]: Running with dbt=1.10.2
[0m16:36:56.680264 [debug] [MainThread]: running dbt with arguments {'printer_width': '80', 'indirect_selection': 'eager', 'log_cache_events': 'False', 'write_json': 'True', 'partial_parse': 'True', 'cache_selected_only': 'False', 'profiles_dir': '/Users/justin.chow/.dbt', 'version_check': 'True', 'debug': 'False', 'log_path': 'logs', 'fail_fast': 'False', 'warn_error': 'None', 'use_colors': 'True', 'use_experimental_parser': 'False', 'no_print': 'None', 'quiet': 'False', 'empty': 'None', 'warn_error_options': 'WarnErrorOptionsV2(error=[], warn=[], silence=[])', 'invocation_command': 'dbt init .', 'static_parser': 'True', 'introspect': 'True', 'target_path': 'None', 'log_format': 'default', 'send_anonymous_usage_stats': 'True'}
[0m16:36:56.685217 [info ] [MainThread]: Creating dbt configuration folder at /Users/justin.chow/.dbt
[0m16:37:46.033607 [debug] [MainThread]: Starter project path: /Users/justin.chow/Development/dbt-snowflake-learning/dbt_env/lib/python3.13/site-packages/dbt/include/starter_project
[0m16:37:46.051507 [info ] [MainThread]: 
Your new dbt project "ls" was created!

For more information on how to configure the profiles.yml file,
please consult the dbt documentation here:

  https://docs.getdbt.com/docs/configure-your-profile

One more thing:

Need help? Don't hesitate to reach out to us via GitHub issues or on Slack:

  https://community.getdbt.com/

Happy modeling!

[0m16:37:46.052004 [info ] [MainThread]: Setting up your profile.
[0m16:40:06.468193 [info ] [MainThread]: Profile ls written to /Users/justin.chow/.dbt/profiles.yml using target's profile_template.yml and your supplied values. Run 'dbt debug' to validate the connection.
[0m16:40:06.485034 [debug] [MainThread]: Resource report: {"command_name": "init", "command_success": true, "command_wall_clock_time": 189.83653, "process_in_blocks": "0", "process_kernel_time": 0.19158, "process_mem_max_rss": "133971968", "process_out_blocks": "0", "process_user_time": 0.636582}
[0m16:40:06.485902 [debug] [MainThread]: Command `dbt init` succeeded at 16:40:06.485799 after 189.84 seconds
[0m16:40:06.486234 [debug] [MainThread]: Sending event: {'category': 'dbt', 'action': 'invocation', 'label': 'end', 'context': [<snowplow_tracker.self_describing_json.SelfDescribingJson object at 0x1181dcfc0>, <snowplow_tracker.self_describing_json.SelfDescribingJson object at 0x1181a7650>, <snowplow_tracker.self_describing_json.SelfDescribingJson object at 0x11816dd00>]}
[0m16:40:06.486564 [debug] [MainThread]: Flushing usage events
[0m16:40:06.869219 [debug] [MainThread]: An error was encountered while trying to flush usage events
